{"C:\\Users\\mignav\\Documents\\todo-task\\src\\App.vue": {"path":"C:\\Users\\mignav\\Documents\\todo-task\\src\\App.vue","statementMap":{"0":{"start":{"line":1,"column":0},"end":{"line":1,"column":null}}},"fnMap":{"0":{"name":"(anonymous_7)","decl":{"start":{"line":1,"column":0},"end":{"line":1,"column":null}},"loc":{"start":{"line":1,"column":0},"end":{"line":1,"column":null}}}},"branchMap":{"0":{"loc":{"start":{"line":1,"column":0},"end":{"line":1,"column":null}},"type":"cond-expr","locations":[{"start":{"line":1,"column":0},"end":{"line":1,"column":null}},{"start":{"line":1,"column":0},"end":{"line":1,"column":null}}]}},"s":{"0":0},"f":{"0":0},"b":{"0":[0,0]}}
,"C:\\Users\\mignav\\Documents\\todo-task\\src\\main.ts": {"path":"C:\\Users\\mignav\\Documents\\todo-task\\src\\main.ts","statementMap":{"0":{"start":{"line":1,"column":0},"end":{"line":1,"column":21}},"1":{"start":{"line":2,"column":0},"end":{"line":2,"column":27}},"2":{"start":{"line":3,"column":0},"end":{"line":3,"column":29}},"3":{"start":{"line":4,"column":0},"end":{"line":4,"column":27}},"4":{"start":{"line":6,"column":0},"end":{"line":6,"column":null}},"5":{"start":{"line":8,"column":0},"end":{"line":12,"column":null}},"6":{"start":{"line":11,"column":15},"end":{"line":11,"column":null}}},"fnMap":{"0":{"name":"(anonymous_0)","decl":{"start":{"line":11,"column":10},"end":{"line":11,"column":11}},"loc":{"start":{"line":11,"column":11},"end":{"line":11,"column":16}}}},"branchMap":{},"s":{"0":0,"1":0,"2":0,"3":0,"4":0,"5":0,"6":0},"f":{"0":0},"b":{}}
,"C:\\Users\\mignav\\Documents\\todo-task\\src\\components\\TodoFooter.vue": {"path":"C:\\Users\\mignav\\Documents\\todo-task\\src\\components\\TodoFooter.vue","statementMap":{"0":{"start":{"line":1,"column":0},"end":{"line":1,"column":null}}},"fnMap":{"0":{"name":"(anonymous_4)","decl":{"start":{"line":1,"column":0},"end":{"line":1,"column":null}},"loc":{"start":{"line":1,"column":0},"end":{"line":1,"column":null}}}},"branchMap":{"0":{"loc":{"start":{"line":1,"column":0},"end":{"line":1,"column":null}},"type":"cond-expr","locations":[{"start":{"line":1,"column":0},"end":{"line":1,"column":null}},{"start":{"line":1,"column":0},"end":{"line":1,"column":null}}]}},"s":{"0":0},"f":{"0":0},"b":{"0":[0,0]}}
,"C:\\Users\\mignav\\Documents\\todo-task\\src\\components\\TodoHeader.vue": {"path":"C:\\Users\\mignav\\Documents\\todo-task\\src\\components\\TodoHeader.vue","statementMap":{"0":{"start":{"line":1,"column":0},"end":{"line":1,"column":null}}},"fnMap":{"0":{"name":"(anonymous_6)","decl":{"start":{"line":1,"column":0},"end":{"line":1,"column":null}},"loc":{"start":{"line":1,"column":0},"end":{"line":1,"column":null}}}},"branchMap":{"0":{"loc":{"start":{"line":1,"column":0},"end":{"line":1,"column":null}},"type":"cond-expr","locations":[{"start":{"line":1,"column":0},"end":{"line":1,"column":null}},{"start":{"line":1,"column":0},"end":{"line":1,"column":null}}]},"1":{"loc":{"start":{"line":1,"column":0},"end":{"line":1,"column":null}},"type":"if","locations":[{"start":{"line":1,"column":0},"end":{"line":1,"column":null}}]}},"s":{"0":0},"f":{"0":0},"b":{"0":[0,0],"1":[0]}}
,"C:\\Users\\mignav\\Documents\\todo-task\\src\\router\\index.ts": {"path":"C:\\Users\\mignav\\Documents\\todo-task\\src\\router\\index.ts","statementMap":{"0":{"start":{"line":1,"column":0},"end":{"line":1,"column":21}},"1":{"start":{"line":2,"column":0},"end":{"line":2,"column":51}},"2":{"start":{"line":3,"column":0},"end":{"line":3,"column":43}},"3":{"start":{"line":5,"column":0},"end":{"line":5,"column":null}},"4":{"start":{"line":7,"column":35},"end":{"line":31,"column":null}},"5":{"start":{"line":33,"column":15},"end":{"line":35,"column":2}},"6":{"start":{"line":37,"column":0},"end":{"line":37,"column":null}}},"fnMap":{},"branchMap":{},"s":{"0":0,"1":0,"2":0,"3":0,"4":0,"5":0,"6":0},"f":{},"b":{}}
,"C:\\Users\\mignav\\Documents\\todo-task\\src\\store\\index.ts": {"path":"C:\\Users\\mignav\\Documents\\todo-task\\src\\store\\index.ts","statementMap":{"0":{"start":{"line":1,"column":0},"end":{"line":1,"column":22}},"1":{"start":{"line":2,"column":0},"end":{"line":2,"column":24}},"2":{"start":{"line":4,"column":0},"end":{"line":4,"column":14}},"3":{"start":{"line":6,"column":0},"end":{"line":89,"column":3}},"4":{"start":{"line":14,"column":24},"end":{"line":14,"column":41}},"5":{"start":{"line":15,"column":6},"end":{"line":23,"column":null}},"6":{"start":{"line":16,"column":8},"end":{"line":22,"column":null}},"7":{"start":{"line":17,"column":27},"end":{"line":17,"column":71}},"8":{"start":{"line":18,"column":10},"end":{"line":20,"column":12}},"9":{"start":{"line":19,"column":30},"end":{"line":19,"column":null}},"10":{"start":{"line":24,"column":6},"end":{"line":24,"column":20}},"11":{"start":{"line":26,"column":23},"end":{"line":26,"column":null}},"12":{"start":{"line":27,"column":28},"end":{"line":27,"column":null}},"13":{"start":{"line":31,"column":6},"end":{"line":31,"column":null}},"14":{"start":{"line":32,"column":6},"end":{"line":32,"column":28}},"15":{"start":{"line":35,"column":6},"end":{"line":35,"column":24}},"16":{"start":{"line":38,"column":6},"end":{"line":38,"column":null}},"17":{"start":{"line":39,"column":6},"end":{"line":39,"column":31}},"18":{"start":{"line":44,"column":28},"end":{"line":48,"column":8}},"19":{"start":{"line":49,"column":6},"end":{"line":49,"column":41}},"20":{"start":{"line":51,"column":20},"end":{"line":51,"column":22}},"21":{"start":{"line":51,"column":27},"end":{"line":51,"column":29}},"22":{"start":{"line":52,"column":18},"end":{"line":52,"column":42}},"23":{"start":{"line":53,"column":6},"end":{"line":53,"column":32}},"24":{"start":{"line":54,"column":6},"end":{"line":54,"column":33}},"25":{"start":{"line":55,"column":6},"end":{"line":55,"column":26}},"26":{"start":{"line":56,"column":6},"end":{"line":56,"column":35}},"27":{"start":{"line":59,"column":23},"end":{"line":59,"column":25}},"28":{"start":{"line":59,"column":30},"end":{"line":59,"column":32}},"29":{"start":{"line":60,"column":19},"end":{"line":60,"column":43}},"30":{"start":{"line":61,"column":6},"end":{"line":67,"column":9}},"31":{"start":{"line":62,"column":8},"end":{"line":66,"column":null}},"32":{"start":{"line":63,"column":10},"end":{"line":63,"column":35}},"33":{"start":{"line":64,"column":10},"end":{"line":64,"column":45}},"34":{"start":{"line":65,"column":10},"end":{"line":65,"column":17}},"35":{"start":{"line":68,"column":6},"end":{"line":68,"column":36}},"36":{"start":{"line":71,"column":23},"end":{"line":71,"column":25}},"37":{"start":{"line":71,"column":30},"end":{"line":71,"column":32}},"38":{"start":{"line":72,"column":27},"end":{"line":74,"column":8}},"39":{"start":{"line":73,"column":8},"end":{"line":73,"column":37}},"40":{"start":{"line":75,"column":6},"end":{"line":75,"column":36}},"41":{"start":{"line":78,"column":28},"end":{"line":78,"column":30}},"42":{"start":{"line":78,"column":35},"end":{"line":78,"column":37}},"43":{"start":{"line":79,"column":22},"end":{"line":79,"column":78}},"44":{"start":{"line":79,"column":59},"end":{"line":79,"column":78}},"45":{"start":{"line":80,"column":6},"end":{"line":80,"column":36}},"46":{"start":{"line":83,"column":27},"end":{"line":83,"column":29}},"47":{"start":{"line":84,"column":6},"end":{"line":84,"column":null}},"48":{"start":{"line":85,"column":6},"end":{"line":85,"column":35}}},"fnMap":{"0":{"name":"(anonymous_0)","decl":{"start":{"line":13,"column":14},"end":{"line":13,"column":15}},"loc":{"start":{"line":13,"column":20},"end":{"line":25,"column":5}}},"1":{"name":"(anonymous_1)","decl":{"start":{"line":19,"column":12},"end":{"line":19,"column":13}},"loc":{"start":{"line":19,"column":25},"end":{"line":19,"column":37}}},"2":{"name":"(anonymous_2)","decl":{"start":{"line":26,"column":12},"end":{"line":26,"column":13}},"loc":{"start":{"line":26,"column":18},"end":{"line":26,"column":28}}},"3":{"name":"(anonymous_3)","decl":{"start":{"line":27,"column":17},"end":{"line":27,"column":18}},"loc":{"start":{"line":27,"column":23},"end":{"line":27,"column":33}}},"4":{"name":"(anonymous_4)","decl":{"start":{"line":30,"column":12},"end":{"line":30,"column":13}},"loc":{"start":{"line":30,"column":27},"end":{"line":33,"column":5}}},"5":{"name":"(anonymous_5)","decl":{"start":{"line":34,"column":20},"end":{"line":34,"column":21}},"loc":{"start":{"line":34,"column":26},"end":{"line":36,"column":5}}},"6":{"name":"(anonymous_6)","decl":{"start":{"line":37,"column":15},"end":{"line":37,"column":16}},"loc":{"start":{"line":37,"column":30},"end":{"line":40,"column":5}}},"7":{"name":"(anonymous_7)","decl":{"start":{"line":43,"column":14},"end":{"line":43,"column":15}},"loc":{"start":{"line":43,"column":25},"end":{"line":50,"column":5}}},"8":{"name":"(anonymous_8)","decl":{"start":{"line":51,"column":4},"end":{"line":51,"column":11}},"loc":{"start":{"line":51,"column":35},"end":{"line":57,"column":5}}},"9":{"name":"(anonymous_9)","decl":{"start":{"line":59,"column":4},"end":{"line":59,"column":14}},"loc":{"start":{"line":59,"column":38},"end":{"line":69,"column":5}}},"10":{"name":"(anonymous_10)","decl":{"start":{"line":61,"column":24},"end":{"line":61,"column":25}},"loc":{"start":{"line":61,"column":37},"end":{"line":67,"column":7}}},"11":{"name":"(anonymous_11)","decl":{"start":{"line":71,"column":4},"end":{"line":71,"column":14}},"loc":{"start":{"line":71,"column":40},"end":{"line":76,"column":5}}},"12":{"name":"(anonymous_12)","decl":{"start":{"line":72,"column":46},"end":{"line":72,"column":47}},"loc":{"start":{"line":72,"column":59},"end":{"line":74,"column":7}}},"13":{"name":"(anonymous_13)","decl":{"start":{"line":78,"column":4},"end":{"line":78,"column":19}},"loc":{"start":{"line":78,"column":37},"end":{"line":81,"column":5}}},"14":{"name":"(anonymous_14)","decl":{"start":{"line":79,"column":41},"end":{"line":79,"column":42}},"loc":{"start":{"line":79,"column":54},"end":{"line":79,"column":60}}},"15":{"name":"(anonymous_15)","decl":{"start":{"line":83,"column":18},"end":{"line":83,"column":19}},"loc":{"start":{"line":83,"column":36},"end":{"line":86,"column":5}}}},"branchMap":{"0":{"loc":{"start":{"line":14,"column":24},"end":{"line":14,"column":41}},"type":"binary-expr","locations":[{"start":{"line":14,"column":24},"end":{"line":14,"column":35}},{"start":{"line":14,"column":39},"end":{"line":14,"column":41}}]},"1":{"loc":{"start":{"line":15,"column":6},"end":{"line":23,"column":null}},"type":"if","locations":[{"start":{"line":15,"column":6},"end":{"line":23,"column":null}}]},"2":{"loc":{"start":{"line":16,"column":8},"end":{"line":22,"column":null}},"type":"if","locations":[{"start":{"line":16,"column":8},"end":{"line":22,"column":null}},{"start":{"line":21,"column":15},"end":{"line":22,"column":null}}]},"3":{"loc":{"start":{"line":17,"column":27},"end":{"line":17,"column":71}},"type":"cond-expr","locations":[{"start":{"line":17,"column":59},"end":{"line":17,"column":63}},{"start":{"line":17,"column":66},"end":{"line":17,"column":71}}]},"4":{"loc":{"start":{"line":62,"column":8},"end":{"line":66,"column":null}},"type":"if","locations":[{"start":{"line":62,"column":8},"end":{"line":66,"column":null}}]}},"s":{"0":0,"1":0,"2":0,"3":0,"4":0,"5":0,"6":0,"7":0,"8":0,"9":0,"10":0,"11":0,"12":0,"13":0,"14":0,"15":0,"16":0,"17":0,"18":0,"19":0,"20":0,"21":0,"22":0,"23":0,"24":0,"25":0,"26":0,"27":0,"28":0,"29":0,"30":0,"31":0,"32":0,"33":0,"34":0,"35":0,"36":0,"37":0,"38":0,"39":0,"40":0,"41":0,"42":0,"43":0,"44":0,"45":0,"46":0,"47":0,"48":0},"f":{"0":0,"1":0,"2":0,"3":0,"4":0,"5":0,"6":0,"7":0,"8":0,"9":0,"10":0,"11":0,"12":0,"13":0,"14":0,"15":0},"b":{"0":[0,0],"1":[0],"2":[0,0],"3":[0,0],"4":[0]}}
,"C:\\Users\\mignav\\Documents\\todo-task\\src\\views\\TodoMain.vue": {"path":"C:\\Users\\mignav\\Documents\\todo-task\\src\\views\\TodoMain.vue","statementMap":{"0":{"start":{"line":1,"column":0},"end":{"line":1,"column":null}}},"fnMap":{"0":{"name":"(anonymous_6)","decl":{"start":{"line":1,"column":0},"end":{"line":1,"column":null}},"loc":{"start":{"line":1,"column":0},"end":{"line":1,"column":null}}}},"branchMap":{"0":{"loc":{"start":{"line":1,"column":0},"end":{"line":1,"column":null}},"type":"cond-expr","locations":[{"start":{"line":1,"column":0},"end":{"line":1,"column":null}},{"start":{"line":1,"column":0},"end":{"line":1,"column":null}}]},"1":{"loc":{"start":{"line":1,"column":0},"end":{"line":1,"column":null}},"type":"binary-expr","locations":[{"start":{"line":1,"column":0},"end":{"line":1,"column":null}},{"start":{"line":1,"column":0},"end":{"line":1,"column":null}},{"start":{"line":1,"column":0},"end":{"line":1,"column":null}}]},"2":{"loc":{"start":{"line":1,"column":0},"end":{"line":1,"column":null}},"type":"if","locations":[{"start":{"line":1,"column":0},"end":{"line":1,"column":null}}]}},"s":{"0":0},"f":{"0":0},"b":{"0":[0,0],"1":[0,0,0],"2":[0]}}
}
